<?xml version="1.0" encoding="UTF-8"?>
<robot generator="Robot 7.4.1 (Python 3.12.10 on win32)" generated="2026-02-09T14:22:07.975989" rpa="false" schemaversion="5">
<suite id="s1" name="Morent Login" source="C:\Users\HP\Desktop\crm\SGBI_Project\sgbi-inc-sastra-global-business-innovations-test-engineer-automation-ai-systems-team-2\tests\morent_login.robot">
<test id="s1-t1" name="MoRent Login Test" line="6">
<kw name="Open Browser" owner="SeleniumLibrary">
<msg time="2026-02-09T14:22:08.259225" level="INFO">Opening browser 'chrome' to base url 'https://ethical-lizard-51.accounts.dev/sign-in?redirect_url=https%3A%2F%2Fmorent-car.archisacademy.com%2F'.</msg>
<arg>${MORENT_URL}</arg>
<arg>${BROWSER}</arg>
<doc>Opens a new browser instance to the optional ``url``.</doc>
<status status="PASS" start="2026-02-09T14:22:08.259225" elapsed="2.672085"/>
</kw>
<kw name="Maximize Browser Window" owner="SeleniumLibrary">
<doc>Maximizes current browser window.</doc>
<status status="PASS" start="2026-02-09T14:22:10.931794" elapsed="0.030404"/>
</kw>
<kw name="Wait Until Element Is Visible" owner="SeleniumLibrary">
<arg>${EMAIL_FIELD}</arg>
<arg>15s</arg>
<doc>Waits until the element ``locator`` is visible.</doc>
<status status="PASS" start="2026-02-09T14:22:10.963195" elapsed="1.516383"/>
</kw>
<kw name="Input Text" owner="SeleniumLibrary">
<msg time="2026-02-09T14:22:12.479578" level="INFO">Typing text 'ashrafmt855@gmail.com' into text field 'id=identifier-field'.</msg>
<arg>${EMAIL_FIELD}</arg>
<arg>ashrafmt855@gmail.com</arg>
<doc>Types the given ``text`` into the text field identified by ``locator``.</doc>
<status status="PASS" start="2026-02-09T14:22:12.479578" elapsed="0.313226"/>
</kw>
<kw name="Sleep" owner="BuiltIn">
<msg time="2026-02-09T14:22:13.793371" level="INFO">Slept 1 second.</msg>
<arg>1s</arg>
<doc>Pauses the test executed for the given time.</doc>
<status status="PASS" start="2026-02-09T14:22:12.792804" elapsed="1.000567"/>
</kw>
<kw name="Wait Until Element Is Visible" owner="SeleniumLibrary">
<arg>${EMAIL_CONT}</arg>
<arg>15s</arg>
<doc>Waits until the element ``locator`` is visible.</doc>
<status status="PASS" start="2026-02-09T14:22:13.793371" elapsed="0.022898"/>
</kw>
<kw name="Click Element" owner="SeleniumLibrary">
<msg time="2026-02-09T14:22:13.816269" level="INFO">Clicking element 'xpath=//button[@class='cl-formButtonPrimary cl-button 🔒️ cl-internal-1awoyig']'.</msg>
<arg>${EMAIL_CONT}</arg>
<doc>Click the element identified by ``locator``.</doc>
<status status="PASS" start="2026-02-09T14:22:13.816269" elapsed="0.094121"/>
</kw>
<kw name="Sleep" owner="BuiltIn">
<msg time="2026-02-09T14:22:15.916198" level="INFO">Slept 2 seconds.</msg>
<arg>2s</arg>
<doc>Pauses the test executed for the given time.</doc>
<status status="PASS" start="2026-02-09T14:22:13.915378" elapsed="2.000820"/>
</kw>
<kw name="Wait Until Element Is Visible" owner="SeleniumLibrary">
<arg>${PASS_FIELD}</arg>
<arg>15s</arg>
<doc>Waits until the element ``locator`` is visible.</doc>
<status status="PASS" start="2026-02-09T14:22:15.916198" elapsed="0.023138"/>
</kw>
<kw name="Input Password" owner="SeleniumLibrary">
<msg time="2026-02-09T14:22:15.939594" level="INFO">Typing password into text field 'id=password-field'.</msg>
<msg time="2026-02-09T14:22:15.972049" level="INFO">Temporally setting log level to: NONE</msg>
<arg>${PASS_FIELD}</arg>
<arg>Ashraf@"123</arg>
<doc>Types the given password into the text field identified by ``locator``.</doc>
<status status="PASS" start="2026-02-09T14:22:15.939594" elapsed="0.108561"/>
</kw>
<kw name="Wait Until Element Is Visible" owner="SeleniumLibrary">
<arg>${PASS_CONT}</arg>
<arg>15s</arg>
<doc>Waits until the element ``locator`` is visible.</doc>
<status status="PASS" start="2026-02-09T14:22:16.048155" elapsed="0.021179"/>
</kw>
<kw name="Click Element" owner="SeleniumLibrary">
<msg time="2026-02-09T14:22:16.069334" level="INFO">Clicking element 'xpath=//button[@data-localization-key='formButtonPrimary']'.</msg>
<arg>${PASS_CONT}</arg>
<doc>Click the element identified by ``locator``.</doc>
<status status="PASS" start="2026-02-09T14:22:16.069334" elapsed="0.070374"/>
</kw>
<kw name="Sleep" owner="BuiltIn">
<msg time="2026-02-09T14:22:26.140886" level="INFO">Slept 10 seconds.</msg>
<arg>10s</arg>
<doc>Pauses the test executed for the given time.</doc>
<status status="PASS" start="2026-02-09T14:22:16.140689" elapsed="10.000197"/>
</kw>
<kw name="Sleep" owner="BuiltIn">
<msg time="2026-02-09T14:22:29.141502" level="INFO">Slept 3 seconds.</msg>
<arg>3s</arg>
<doc>Pauses the test executed for the given time.</doc>
<status status="PASS" start="2026-02-09T14:22:26.140886" elapsed="3.000616"/>
</kw>
<kw name="Go To" owner="SeleniumLibrary">
<msg time="2026-02-09T14:22:29.141502" level="INFO">Opening url 'https://morent-car.archisacademy.com/'</msg>
<arg>https://morent-car.archisacademy.com/</arg>
<doc>Navigates the current browser window to the provided ``url``.</doc>
<status status="PASS" start="2026-02-09T14:22:29.141502" elapsed="1.598513"/>
</kw>
<kw name="Wait Until Element Is Visible" owner="SeleniumLibrary">
<arg>xpath=//input[@placeholder='Search something here']</arg>
<arg>15s</arg>
<doc>Waits until the element ``locator`` is visible.</doc>
<status status="PASS" start="2026-02-09T14:22:30.741013" elapsed="2.388432"/>
</kw>
<kw name="Log To Console" owner="BuiltIn">
<arg>Reached Landing Page Fast!</arg>
<doc>Logs the given message to the console.</doc>
<status status="PASS" start="2026-02-09T14:22:33.129445" elapsed="0.000968"/>
</kw>
<kw name="Input Text" owner="SeleniumLibrary">
<msg time="2026-02-09T14:22:33.130413" level="INFO">Typing text 'Nissan GT - R' into text field 'xpath=//input[@placeholder='Search something here']'.</msg>
<arg>xpath=//input[@placeholder='Search something here']</arg>
<arg>Nissan GT - R</arg>
<doc>Types the given ``text`` into the text field identified by ``locator``.</doc>
<status status="PASS" start="2026-02-09T14:22:33.130413" elapsed="0.175038"/>
</kw>
<kw name="Sleep" owner="BuiltIn">
<msg time="2026-02-09T14:22:40.306081" level="INFO">Slept 7 seconds.</msg>
<arg>7s</arg>
<doc>Pauses the test executed for the given time.</doc>
<status status="PASS" start="2026-02-09T14:22:33.305451" elapsed="7.000630"/>
</kw>
<kw name="Click Element" owner="SeleniumLibrary">
<msg time="2026-02-09T14:22:40.306081" level="INFO">Clicking element '//*[@id="2"]/div/div/span'.</msg>
<arg>//*[@id="2"]/div/div/span</arg>
<doc>Click the element identified by ``locator``.</doc>
<status status="PASS" start="2026-02-09T14:22:40.306081" elapsed="0.088834"/>
</kw>
<kw name="Sleep" owner="BuiltIn">
<msg time="2026-02-09T14:22:45.395723" level="INFO">Slept 5 seconds.</msg>
<arg>5s</arg>
<doc>Pauses the test executed for the given time.</doc>
<status status="PASS" start="2026-02-09T14:22:40.394915" elapsed="5.000808"/>
</kw>
<kw name="Sleep" owner="BuiltIn">
<msg time="2026-02-09T14:22:47.396605" level="INFO">Slept 2 seconds.</msg>
<arg>2s</arg>
<doc>Pauses the test executed for the given time.</doc>
<status status="PASS" start="2026-02-09T14:22:45.395723" elapsed="2.000882"/>
</kw>
<kw name="Execute Javascript" owner="SeleniumLibrary">
<msg time="2026-02-09T14:22:47.396605" level="INFO">Executing JavaScript:
window.scrollTo(0, 1000)
Without any arguments.</msg>
<arg>window.scrollTo(0, 1000)</arg>
<doc>Executes the given JavaScript code with possible arguments.</doc>
<status status="PASS" start="2026-02-09T14:22:47.396605" elapsed="0.009473"/>
</kw>
<kw name="Sleep" owner="BuiltIn">
<msg time="2026-02-09T14:22:52.407391" level="INFO">Slept 5 seconds.</msg>
<arg>5s</arg>
<doc>Pauses the test executed for the given time.</doc>
<status status="PASS" start="2026-02-09T14:22:47.406704" elapsed="5.000687"/>
</kw>
<kw name="Wait Until Element Is Visible" owner="SeleniumLibrary">
<arg>xpath=//button[contains(.,'Rent Now')]</arg>
<arg>5s</arg>
<doc>Waits until the element ``locator`` is visible.</doc>
<status status="PASS" start="2026-02-09T14:22:52.407391" elapsed="0.021029"/>
</kw>
<kw name="Click Element" owner="SeleniumLibrary">
<msg time="2026-02-09T14:22:52.429420" level="INFO">Clicking element 'xpath=//button[contains(.,'Rent Now')]'.</msg>
<arg>xpath=//button[contains(.,'Rent Now')]</arg>
<doc>Click the element identified by ``locator``.</doc>
<status status="PASS" start="2026-02-09T14:22:52.428420" elapsed="0.074875"/>
</kw>
<kw name="Log To Console" owner="BuiltIn">
<arg>Rent Now Button Clicked Successfully!</arg>
<doc>Logs the given message to the console.</doc>
<status status="PASS" start="2026-02-09T14:22:52.504291" elapsed="0.001007"/>
</kw>
<kw name="Wait Until Element Is Visible" owner="SeleniumLibrary">
<msg time="2026-02-09T14:23:12.713674" level="INFO" html="true">&lt;/td&gt;&lt;/tr&gt;&lt;tr&gt;&lt;td colspan="3"&gt;&lt;a href="selenium-screenshot-30.png"&gt;&lt;img src="selenium-screenshot-30.png" width="800px"&gt;&lt;/a&gt;</msg>
<msg time="2026-02-09T14:23:12.713674" level="FAIL">Element '//*[@id="name"]' not visible after 20 seconds.</msg>
<arg>//*[@id="name"]</arg>
<arg>20s</arg>
<doc>Waits until the element ``locator`` is visible.</doc>
<status status="FAIL" start="2026-02-09T14:22:52.505298" elapsed="20.208376">Element '//*[@id="name"]' not visible after 20 seconds.</status>
</kw>
<kw name="Input Text" owner="SeleniumLibrary">
<arg>//*[@id="name"]</arg>
<arg>Ashraf</arg>
<doc>Types the given ``text`` into the text field identified by ``locator``.</doc>
<status status="NOT RUN" start="2026-02-09T14:23:12.713674" elapsed="0.000000"/>
</kw>
<kw name="Input Text" owner="SeleniumLibrary">
<arg>//*[@id="phone_number"]</arg>
<arg>9876543210</arg>
<doc>Types the given ``text`` into the text field identified by ``locator``.</doc>
<status status="NOT RUN" start="2026-02-09T14:23:12.713674" elapsed="0.000000"/>
</kw>
<kw name="Input Text" owner="SeleniumLibrary">
<arg>//*[@id="address"]</arg>
<arg>Kochi, Kerala</arg>
<doc>Types the given ``text`` into the text field identified by ``locator``.</doc>
<status status="NOT RUN" start="2026-02-09T14:23:12.713674" elapsed="0.000000"/>
</kw>
<kw name="Input Text" owner="SeleniumLibrary">
<arg>//*[@id="city"]</arg>
<arg>Kochi</arg>
<doc>Types the given ``text`` into the text field identified by ``locator``.</doc>
<status status="NOT RUN" start="2026-02-09T14:23:12.713674" elapsed="0.000000"/>
</kw>
<kw name="Click Element" owner="SeleniumLibrary">
<arg>xpath=//button[contains(.,'Next')]</arg>
<doc>Click the element identified by ``locator``.</doc>
<status status="NOT RUN" start="2026-02-09T14:23:12.713674" elapsed="0.000000"/>
</kw>
<kw name="Log To Console" owner="BuiltIn">
<arg>Billing Info Step Completed!</arg>
<doc>Logs the given message to the console.</doc>
<status status="NOT RUN" start="2026-02-09T14:23:12.713674" elapsed="0.000000"/>
</kw>
<kw name="Sleep" owner="BuiltIn">
<arg>5s</arg>
<doc>Pauses the test executed for the given time.</doc>
<status status="NOT RUN" start="2026-02-09T14:23:12.713674" elapsed="0.000000"/>
</kw>
<kw name="Execute Javascript" owner="SeleniumLibrary">
<arg>window.scrollTo(0, document.body.scrollHeight)</arg>
<doc>Executes the given JavaScript code with possible arguments.</doc>
<status status="NOT RUN" start="2026-02-09T14:23:12.713674" elapsed="0.000000"/>
</kw>
<kw name="Sleep" owner="BuiltIn">
<arg>2s</arg>
<doc>Pauses the test executed for the given time.</doc>
<status status="NOT RUN" start="2026-02-09T14:23:12.713674" elapsed="0.000000"/>
</kw>
<kw name="Click Element" owner="SeleniumLibrary">
<arg>xpath=//button[contains(.,'Next')]</arg>
<doc>Click the element identified by ``locator``.</doc>
<status status="NOT RUN" start="2026-02-09T14:23:12.713674" elapsed="0.000000"/>
</kw>
<kw name="Sleep" owner="BuiltIn">
<arg>3s</arg>
<doc>Pauses the test executed for the given time.</doc>
<status status="NOT RUN" start="2026-02-09T14:23:12.713674" elapsed="0.000000"/>
</kw>
<kw name="Click Element" owner="SeleniumLibrary">
<arg>xpath=//button[contains(.,'Next')]</arg>
<doc>Click the element identified by ``locator``.</doc>
<status status="NOT RUN" start="2026-02-09T14:23:12.713674" elapsed="0.000000"/>
</kw>
<kw name="Log To Console" owner="BuiltIn">
<arg>Reached Final Confirmation Step!</arg>
<doc>Logs the given message to the console.</doc>
<status status="NOT RUN" start="2026-02-09T14:23:12.713674" elapsed="0.000000"/>
</kw>
<kw name="Execute Javascript" owner="SeleniumLibrary">
<arg>window.scrollTo(0, document.body.scrollHeight)</arg>
<doc>Executes the given JavaScript code with possible arguments.</doc>
<status status="NOT RUN" start="2026-02-09T14:23:12.713674" elapsed="0.000000"/>
</kw>
<kw name="Wait Until Element Is Visible" owner="SeleniumLibrary">
<arg>xpath=(//input[@type='checkbox'])[1]</arg>
<arg>20s</arg>
<doc>Waits until the element ``locator`` is visible.</doc>
<status status="NOT RUN" start="2026-02-09T14:23:12.713674" elapsed="0.000000"/>
</kw>
<kw name="Click Element" owner="SeleniumLibrary">
<arg>xpath=(//input[@type='checkbox'])[1]</arg>
<doc>Click the element identified by ``locator``.</doc>
<status status="NOT RUN" start="2026-02-09T14:23:12.713674" elapsed="0.000000"/>
</kw>
<kw name="Click Element" owner="SeleniumLibrary">
<arg>xpath=//button[contains(.,'Rent Now')]</arg>
<doc>Click the element identified by ``locator``.</doc>
<status status="NOT RUN" start="2026-02-09T14:23:12.713674" elapsed="0.000000"/>
</kw>
<kw name="Log To Console" owner="BuiltIn">
<arg>BOOKING COMPLETED SUCCESSFULLY!</arg>
<doc>Logs the given message to the console.</doc>
<status status="NOT RUN" start="2026-02-09T14:23:12.713674" elapsed="0.000000"/>
</kw>
<status status="FAIL" start="2026-02-09T14:22:08.259225" elapsed="64.454449">Element '//*[@id="name"]' not visible after 20 seconds.</status>
</test>
<status status="FAIL" start="2026-02-09T14:22:07.975989" elapsed="64.737685"/>
</suite>
<statistics>
<total>
<stat pass="0" fail="1" skip="0">All Tests</stat>
</total>
<tag>
</tag>
<suite>
<stat name="Morent Login" id="s1" pass="0" fail="1" skip="0">Morent Login</stat>
</suite>
</statistics>
<errors>
</errors>
</robot>
