<?xml version="1.0" encoding="UTF-8"?>
<robot generator="Robot 7.4.1 (Python 3.12.10 on win32)" generated="2026-02-07T15:22:59.354193" rpa="false" schemaversion="5">
<suite id="s1" name="Tests" source="C:\Users\HP\Desktop\crm\SGBI_Project\sgbi-inc-sastra-global-business-innovations-test-engineer-automation-ai-systems-team-2\tests">
<suite id="s1-s1" name="Auth" source="C:\Users\HP\Desktop\crm\SGBI_Project\sgbi-inc-sastra-global-business-innovations-test-engineer-automation-ai-systems-team-2\tests\auth">
<suite id="s1-s1-s1" name="Login Tests" source="C:\Users\HP\Desktop\crm\SGBI_Project\sgbi-inc-sastra-global-business-innovations-test-engineer-automation-ai-systems-team-2\tests\auth\login_tests.robot">
<test id="s1-s1-s1-t1" name="Login With Valid Credentials" line="6">
<kw name="Open Browser" owner="SeleniumLibrary">
<msg time="2026-02-07T15:22:59.837012" level="INFO">Opening browser 'chrome' to base url 'https://www.saucedemo.com/'.</msg>
<arg>${LOGIN_URL}</arg>
<arg>chrome</arg>
<doc>Opens a new browser instance to the optional ``url``.</doc>
<status status="PASS" start="2026-02-07T15:22:59.837012" elapsed="2.865859"/>
</kw>
<kw name="Input Text" owner="SeleniumLibrary">
<msg time="2026-02-07T15:23:02.705203" level="INFO">Typing text 'standard_user' into text field 'id=user-name'.</msg>
<arg>${USERNAME_FIELD}</arg>
<arg>standard_user</arg>
<doc>Types the given ``text`` into the text field identified by ``locator``.</doc>
<status status="PASS" start="2026-02-07T15:23:02.704203" elapsed="0.294287"/>
</kw>
<kw name="Input Text" owner="SeleniumLibrary">
<msg time="2026-02-07T15:23:03.000652" level="INFO">Typing text 'secret_sauce' into text field 'id=password'.</msg>
<arg>${PASSWORD_FIELD}</arg>
<arg>secret_sauce</arg>
<doc>Types the given ``text`` into the text field identified by ``locator``.</doc>
<status status="PASS" start="2026-02-07T15:23:02.999487" elapsed="0.282943"/>
</kw>
<kw name="Click Button" owner="SeleniumLibrary">
<msg time="2026-02-07T15:23:03.285427" level="INFO">Clicking button 'id=login-button'.</msg>
<arg>${LOGIN_BUTTON}</arg>
<doc>Clicks the button identified by ``locator``.</doc>
<status status="PASS" start="2026-02-07T15:23:03.283930" elapsed="0.398930"/>
</kw>
<kw name="Page Should Contain" owner="SeleniumLibrary">
<msg time="2026-02-07T15:23:03.706259" level="INFO">Current page contains text 'Products'.</msg>
<arg>Products</arg>
<doc>Verifies that current page contains ``text``.</doc>
<status status="PASS" start="2026-02-07T15:23:03.683857" elapsed="0.022402"/>
</kw>
<kw name="Close Browser" owner="SeleniumLibrary">
<doc>Closes the current browser.</doc>
<status status="PASS" start="2026-02-07T15:23:03.707256" elapsed="2.418869"/>
</kw>
<status status="PASS" start="2026-02-07T15:22:59.834970" elapsed="6.291809"/>
</test>
<status status="PASS" start="2026-02-07T15:22:59.460399" elapsed="6.669785"/>
</suite>
<status status="PASS" start="2026-02-07T15:22:59.457246" elapsed="6.677566"/>
</suite>
<suite id="s1-s2" name="Booking" source="C:\Users\HP\Desktop\crm\SGBI_Project\sgbi-inc-sastra-global-business-innovations-test-engineer-automation-ai-systems-team-2\tests\booking">
<suite id="s1-s2-s1" name="Booking Tests" source="C:\Users\HP\Desktop\crm\SGBI_Project\sgbi-inc-sastra-global-business-innovations-test-engineer-automation-ai-systems-team-2\tests\booking\booking_tests.robot">
<test id="s1-s2-s1-t1" name="Add Item To Cart And Checkout" line="6">
<kw name="Open Browser" owner="SeleniumLibrary">
<msg time="2026-02-07T15:23:06.158792" level="INFO">Opening browser 'chrome' to base url 'https://www.saucedemo.com/'.</msg>
<arg>${LOGIN_URL}</arg>
<arg>chrome</arg>
<doc>Opens a new browser instance to the optional ``url``.</doc>
<status status="PASS" start="2026-02-07T15:23:06.157492" elapsed="3.455839"/>
</kw>
<kw name="Input Text" owner="SeleniumLibrary">
<msg time="2026-02-07T15:23:09.615363" level="INFO">Typing text 'standard_user' into text field 'id=user-name'.</msg>
<arg>id=user-name</arg>
<arg>standard_user</arg>
<doc>Types the given ``text`` into the text field identified by ``locator``.</doc>
<status status="PASS" start="2026-02-07T15:23:09.614324" elapsed="0.495670"/>
</kw>
<kw name="Input Text" owner="SeleniumLibrary">
<msg time="2026-02-07T15:23:10.113578" level="INFO">Typing text 'secret_sauce' into text field 'id=password'.</msg>
<arg>id=password</arg>
<arg>secret_sauce</arg>
<doc>Types the given ``text`` into the text field identified by ``locator``.</doc>
<status status="PASS" start="2026-02-07T15:23:10.111990" elapsed="0.235467"/>
</kw>
<kw name="Click Button" owner="SeleniumLibrary">
<msg time="2026-02-07T15:23:10.349479" level="INFO">Clicking button 'id=login-button'.</msg>
<arg>id=login-button</arg>
<doc>Clicks the button identified by ``locator``.</doc>
<status status="PASS" start="2026-02-07T15:23:10.348482" elapsed="0.431116"/>
</kw>
<kw name="Click Button" owner="SeleniumLibrary">
<msg time="2026-02-07T15:23:10.782007" level="INFO">Clicking button 'id=add-to-cart-sauce-labs-backpack'.</msg>
<arg>id=add-to-cart-sauce-labs-backpack</arg>
<doc>Clicks the button identified by ``locator``.</doc>
<status status="PASS" start="2026-02-07T15:23:10.779598" elapsed="0.363431"/>
</kw>
<kw name="Click Element" owner="SeleniumLibrary">
<msg time="2026-02-07T15:23:11.145570" level="INFO">Clicking element 'class=shopping_cart_link'.</msg>
<arg>class=shopping_cart_link</arg>
<doc>Click the element identified by ``locator``.</doc>
<status status="PASS" start="2026-02-07T15:23:11.144025" elapsed="0.306493"/>
</kw>
<kw name="Click Button" owner="SeleniumLibrary">
<msg time="2026-02-07T15:23:11.450518" level="INFO">Clicking button 'id=checkout'.</msg>
<msg time="2026-02-07T15:23:11.879250" level="INFO" html="true">&lt;/td&gt;&lt;/tr&gt;&lt;tr&gt;&lt;td colspan="3"&gt;&lt;a href="selenium-screenshot-1.png"&gt;&lt;img src="selenium-screenshot-1.png" width="800px"&gt;&lt;/a&gt;</msg>
<msg time="2026-02-07T15:23:11.879250" level="FAIL">Button with locator 'id=checkout' not found.</msg>
<arg>id=checkout</arg>
<doc>Clicks the button identified by ``locator``.</doc>
<status status="FAIL" start="2026-02-07T15:23:11.450518" elapsed="0.435820">Button with locator 'id=checkout' not found.</status>
</kw>
<kw name="Page Should Contain" owner="SeleniumLibrary">
<arg>Checkout: Your Information</arg>
<doc>Verifies that current page contains ``text``.</doc>
<status status="NOT RUN" start="2026-02-07T15:23:11.886338" elapsed="0.000000"/>
</kw>
<kw name="Close Browser" owner="SeleniumLibrary">
<doc>Closes the current browser.</doc>
<status status="NOT RUN" start="2026-02-07T15:23:11.886338" elapsed="0.000000"/>
</kw>
<status status="FAIL" start="2026-02-07T15:23:06.156496" elapsed="5.729842">Button with locator 'id=checkout' not found.</status>
</test>
<status status="FAIL" start="2026-02-07T15:23:06.145612" elapsed="5.740726"/>
</suite>
<status status="FAIL" start="2026-02-07T15:23:06.139496" elapsed="5.746842"/>
</suite>
<suite id="s1-s3" name="My Practice" source="C:\Users\HP\Desktop\crm\SGBI_Project\sgbi-inc-sastra-global-business-innovations-test-engineer-automation-ai-systems-team-2\tests\my_practice.robot">
<test id="s1-s3-t1" name="Open Google test" line="7">
<kw name="Open Browser" owner="SeleniumLibrary">
<msg time="2026-02-07T15:23:11.906754" level="INFO">Opening browser 'chrome' to base url 'https://www.google.com'.</msg>
<arg>https://www.google.com</arg>
<arg>chrome</arg>
<doc>Opens a new browser instance to the optional ``url``.</doc>
<status status="PASS" start="2026-02-07T15:23:11.906754" elapsed="2.578303"/>
</kw>
<kw name="Maximize Browser Window" owner="SeleniumLibrary">
<doc>Maximizes current browser window.</doc>
<status status="PASS" start="2026-02-07T15:23:14.486033" elapsed="0.195429"/>
</kw>
<kw name="sleep 3s">
<msg time="2026-02-07T15:23:14.687222" level="FAIL">No keyword with name 'sleep 3s' found. Did you mean:
    BuiltIn.Sleep</msg>
<status status="FAIL" start="2026-02-07T15:23:14.687222" elapsed="0.000000">No keyword with name 'sleep 3s' found. Did you mean:
    BuiltIn.Sleep</status>
</kw>
<kw name="Close Browser" owner="SeleniumLibrary">
<doc>Closes the current browser.</doc>
<status status="NOT RUN" start="2026-02-07T15:23:14.692226" elapsed="0.000404"/>
</kw>
<status status="FAIL" start="2026-02-07T15:23:11.905244" elapsed="2.787386">No keyword with name 'sleep 3s' found. Did you mean:
    BuiltIn.Sleep</status>
</test>
<status status="FAIL" start="2026-02-07T15:23:11.896372" elapsed="2.803152"/>
</suite>
<suite id="s1-s4" name="Search" source="C:\Users\HP\Desktop\crm\SGBI_Project\sgbi-inc-sastra-global-business-innovations-test-engineer-automation-ai-systems-team-2\tests\search">
<suite id="s1-s4-s1" name="Search Tests" source="C:\Users\HP\Desktop\crm\SGBI_Project\sgbi-inc-sastra-global-business-innovations-test-engineer-automation-ai-systems-team-2\tests\search\search_tests.robot">
<test id="s1-s4-s1-t1" name="Verify Product Search and Filter" line="6">
<kw name="Open Browser" owner="SeleniumLibrary">
<msg time="2026-02-07T15:23:14.774105" level="INFO">Opening browser 'chrome' to base url 'https://www.saucedemo.com/'.</msg>
<arg>${LOGIN_URL}</arg>
<arg>chrome</arg>
<doc>Opens a new browser instance to the optional ``url``.</doc>
<status status="PASS" start="2026-02-07T15:23:14.773117" elapsed="3.057801"/>
</kw>
<kw name="Input Text" owner="SeleniumLibrary">
<msg time="2026-02-07T15:23:17.835082" level="INFO">Typing text 'standard_user' into text field 'id=user-name'.</msg>
<arg>id=user-name</arg>
<arg>standard_user</arg>
<doc>Types the given ``text`` into the text field identified by ``locator``.</doc>
<status status="PASS" start="2026-02-07T15:23:17.833090" elapsed="0.433281"/>
</kw>
<kw name="Input Text" owner="SeleniumLibrary">
<msg time="2026-02-07T15:23:18.267371" level="INFO">Typing text 'secret_sauce' into text field 'id=password'.</msg>
<arg>id=password</arg>
<arg>secret_sauce</arg>
<doc>Types the given ``text`` into the text field identified by ``locator``.</doc>
<status status="PASS" start="2026-02-07T15:23:18.266371" elapsed="0.260729"/>
</kw>
<kw name="Click Button" owner="SeleniumLibrary">
<msg time="2026-02-07T15:23:18.528099" level="INFO">Clicking button 'id=login-button'.</msg>
<arg>id=login-button</arg>
<doc>Clicks the button identified by ``locator``.</doc>
<status status="PASS" start="2026-02-07T15:23:18.528099" elapsed="0.497445"/>
</kw>
<kw name="Select From List By Value" owner="SeleniumLibrary">
<msg time="2026-02-07T15:23:19.027885" level="INFO">Selecting options from selection list 'class=product_sort_container' by value za.</msg>
<arg>class=product_sort_container</arg>
<arg>za</arg>
<doc>Selects options from selection list ``locator`` by ``values``.</doc>
<status status="PASS" start="2026-02-07T15:23:19.026886" elapsed="0.302729"/>
</kw>
<kw name="Page Should Contain" owner="SeleniumLibrary">
<msg time="2026-02-07T15:23:19.358220" level="INFO">Current page contains text 'Test.allTheThings() T-Shirt (Red)'.</msg>
<arg>Test.allTheThings() T-Shirt (Red)</arg>
<doc>Verifies that current page contains ``text``.</doc>
<status status="PASS" start="2026-02-07T15:23:19.329615" elapsed="0.029603"/>
</kw>
<kw name="Close Browser" owner="SeleniumLibrary">
<doc>Closes the current browser.</doc>
<status status="PASS" start="2026-02-07T15:23:19.359218" elapsed="2.349740"/>
</kw>
<status status="PASS" start="2026-02-07T15:23:14.767687" elapsed="6.942629"/>
</test>
<status status="PASS" start="2026-02-07T15:23:14.731415" elapsed="6.981007"/>
</suite>
<status status="PASS" start="2026-02-07T15:23:14.707307" elapsed="7.009710"/>
</suite>
<status status="FAIL" start="2026-02-07T15:22:59.358405" elapsed="22.364267"/>
</suite>
<statistics>
<total>
<stat pass="2" fail="2" skip="0">All Tests</stat>
</total>
<tag>
</tag>
<suite>
<stat name="Tests" id="s1" pass="2" fail="2" skip="0">Tests</stat>
<stat name="Auth" id="s1-s1" pass="1" fail="0" skip="0">Tests.Auth</stat>
<stat name="Login Tests" id="s1-s1-s1" pass="1" fail="0" skip="0">Tests.Auth.Login Tests</stat>
<stat name="Booking" id="s1-s2" pass="0" fail="1" skip="0">Tests.Booking</stat>
<stat name="Booking Tests" id="s1-s2-s1" pass="0" fail="1" skip="0">Tests.Booking.Booking Tests</stat>
<stat name="My Practice" id="s1-s3" pass="0" fail="1" skip="0">Tests.My Practice</stat>
<stat name="Search" id="s1-s4" pass="1" fail="0" skip="0">Tests.Search</stat>
<stat name="Search Tests" id="s1-s4-s1" pass="1" fail="0" skip="0">Tests.Search.Search Tests</stat>
</suite>
</statistics>
<errors>
</errors>
</robot>
